[debug] [2021-03-14T13:50:44.366Z] ----------------------------------------------------------------------
[debug] [2021-03-14T13:50:44.368Z] Command:       /home/ysidani/.nvm/versions/node/v13.11.0/bin/node /home/ysidani/.nvm/versions/node/v13.11.0/bin/firebase init
[debug] [2021-03-14T13:50:44.368Z] CLI Version:   9.6.1
[debug] [2021-03-14T13:50:44.368Z] Platform:      linux
[debug] [2021-03-14T13:50:44.368Z] Node Version:  v13.11.0
[debug] [2021-03-14T13:50:44.369Z] Time:          Sun Mar 14 2021 14:50:44 GMT+0100 (hora estándar de Europa central)
[debug] [2021-03-14T13:50:44.369Z] ----------------------------------------------------------------------
[debug] [2021-03-14T13:50:44.369Z] 
[debug] [2021-03-14T13:50:44.372Z] > command requires scopes: ["email","openid","https://www.googleapis.com/auth/cloudplatformprojects.readonly","https://www.googleapis.com/auth/firebase","https://www.googleapis.com/auth/cloud-platform"]
[debug] [2021-03-14T13:50:44.372Z] > authorizing via signed-in user
[info] 
     ######## #### ########  ######## ########     ###     ######  ########
     ##        ##  ##     ## ##       ##     ##  ##   ##  ##       ##
     ######    ##  ########  ######   ########  #########  ######  ######
     ##        ##  ##    ##  ##       ##     ## ##     ##       ## ##
     ##       #### ##     ## ######## ########  ##     ##  ######  ########

You're about to initialize a Firebase project in this directory:

  /home/ysidani/Escritorio/tutoriales/vue_js/final_project_maximilian

[info] 
=== Project Setup
[info] 
[info] First, let's associate this project directory with a Firebase project.
[info] You can create multiple project aliases by running firebase use --add, 
[info] but for now we'll just set up a default project.
[info] 
[debug] [2021-03-14T13:51:18.308Z] >>> [apiv2][query] GET https://firebase.googleapis.com/v1beta1/projects pageSize=100
[debug] [2021-03-14T13:51:18.639Z] <<< [apiv2][status] GET https://firebase.googleapis.com/v1beta1/projects 200
[debug] [2021-03-14T13:51:18.640Z] <<< [apiv2][body] GET https://firebase.googleapis.com/v1beta1/projects [omitted]
[info] i  Using project vue-udemy-course-edf94 (vue-udemy-course) 
[info] 
=== Hosting Setup
[info] 
[info] Your public directory is the folder (relative to your project directory) that
[info] will contain Hosting assets to be uploaded with firebase deploy. If you
[info] have a build process for your assets, use your build's output directory.
[info] 
[debug] [2021-03-14T13:55:29.396Z] >>> [apiv2][query] GET https://www.gstatic.com/firebasejs/releases.json [none]
[debug] [2021-03-14T13:55:30.089Z] <<< [apiv2][status] GET https://www.gstatic.com/firebasejs/releases.json 200
[debug] [2021-03-14T13:55:30.090Z] <<< [apiv2][body] GET https://www.gstatic.com/firebasejs/releases.json {"current":{"version":"8.3.0","browserURL":"https://www.gstatic.com/firebasejs/8.3.0/firebase.js","packageURL":"https://www.gstatic.com/firebasejs/8.3.0/firebase.tgz"},"live":{"version":"8.3","browserURL":"https://www.gstatic.com/firebasejs/live/8.3/firebase.js","packageURL":"https://www.gstatic.com/firebasejs/live/8.3/firebase.tgz"},"components":{"analytics":"https://www.gstatic.com/firebasejs/8.3.0/firebase-analytics.js","app":"https://www.gstatic.com/firebasejs/8.3.0/firebase-app.js","auth":"https://www.gstatic.com/firebasejs/8.3.0/firebase-auth.js","database":"https://www.gstatic.com/firebasejs/8.3.0/firebase-database.js","firestore":"https://www.gstatic.com/firebasejs/8.3.0/firebase-firestore.js","functions":"https://www.gstatic.com/firebasejs/8.3.0/firebase-functions.js","installations":"https://www.gstatic.com/firebasejs/8.3.0/firebase-installations.js","messaging":"https://www.gstatic.com/firebasejs/8.3.0/firebase-messaging.js","storage":"https://www.gstatic.com/firebasejs/8.3.0/firebase-storage.js","performance":"https://www.gstatic.com/firebasejs/8.3.0/firebase-performance.js","remote-config":"https://www.gstatic.com/firebasejs/8.3.0/firebase-remote-config.js","firestore.memory":"https://www.gstatic.com/firebasejs/8.3.0/firebase-firestore.memory.js"}}
[info] i  Skipping write of dist/index.html 
[info] 
[info] i  Didn't detect a .git folder. Assuming /home/ysidani/Escritorio/tutoriales/vue_js/final_project_maximilian is the project root. 
[info] i  Authorizing with GitHub to upload your service account to a GitHub repository's secrets store. 
[info] 
[info] Visit this URL on this device to log in:
[info] https://github.com/login/oauth/authorize?client_id=89cf50f02ac6aaed3484&state=589325098&redirect_uri=http%3A%2F%2Flocalhost%3A9005&scope=read%3Auser%20repo%20public_repo
[info] 
[info] Waiting for authentication...
[debug] [2021-03-14T13:56:52.291Z] >>> HTTP REQUEST POST https://github.com/login/oauth/access_token  
 {"client_id":"89cf50f02ac6aaed3484","client_secret":"3330d14abc895d9a74d5f17cd7a00711fa2c5bf0","code":"23f767d035f19f85da7e","redirect_uri":"http://localhost:9005","state":"589325098"}
[debug] [2021-03-14T13:56:52.575Z] <<< HTTP RESPONSE 200 {"server":"GitHub.com","date":"Sun, 14 Mar 2021 13:56:52 GMT","content-type":"application/json; charset=utf-8","transfer-encoding":"chunked","vary":"X-PJAX, Accept-Encoding, Accept, X-Requested-With","etag":"W/\"c41674becb851b882f4aafbf8049eaa4\"","cache-control":"max-age=0, private, must-revalidate","strict-transport-security":"max-age=31536000; includeSubdomains; preload","x-frame-options":"deny","x-content-type-options":"nosniff","x-xss-protection":"1; mode=block","referrer-policy":"origin-when-cross-origin, strict-origin-when-cross-origin","expect-ct":"max-age=2592000, report-uri=\"https://api.github.com/_private/browser/errors\"","content-security-policy":"default-src 'none'; base-uri 'self'; block-all-mixed-content; connect-src 'self' uploads.github.com www.githubstatus.com collector.githubapp.com api.github.com github-cloud.s3.amazonaws.com github-production-repository-file-5c1aeb.s3.amazonaws.com github-production-upload-manifest-file-7fdce7.s3.amazonaws.com github-production-user-asset-6210df.s3.amazonaws.com cdn.optimizely.com logx.optimizely.com/v1/events wss://alive.github.com; font-src github.githubassets.com; form-action 'self' github.com gist.github.com; frame-ancestors 'none'; frame-src render.githubusercontent.com; img-src 'self' data: github.githubassets.com identicons.github.com collector.githubapp.com github-cloud.s3.amazonaws.com secured-user-images.githubusercontent.com/ *.githubusercontent.com; manifest-src 'self'; media-src 'none'; script-src github.githubassets.com; style-src 'unsafe-inline' github.githubassets.com; worker-src github.com/socket-worker-6832eced.js gist.github.com/socket-worker-6832eced.js","x-github-request-id":"9406:10EFF:4258D79:4477F87:604E1624"}
[debug] [2021-03-14T13:56:52.584Z] >>> [apiv2][query] GET https://api.github.com/user [none]
[debug] [2021-03-14T13:56:52.904Z] <<< [apiv2][status] GET https://api.github.com/user 200
[debug] [2021-03-14T13:56:52.905Z] <<< [apiv2][body] GET https://api.github.com/user {"login":"2raederdev","id":55377140,"node_id":"MDQ6VXNlcjU1Mzc3MTQw","avatar_url":"https://avatars.githubusercontent.com/u/55377140?v=4","gravatar_id":"","url":"https://api.github.com/users/2raederdev","html_url":"https://github.com/2raederdev","followers_url":"https://api.github.com/users/2raederdev/followers","following_url":"https://api.github.com/users/2raederdev/following{/other_user}","gists_url":"https://api.github.com/users/2raederdev/gists{/gist_id}","starred_url":"https://api.github.com/users/2raederdev/starred{/owner}{/repo}","subscriptions_url":"https://api.github.com/users/2raederdev/subscriptions","organizations_url":"https://api.github.com/users/2raederdev/orgs","repos_url":"https://api.github.com/users/2raederdev/repos","events_url":"https://api.github.com/users/2raederdev/events{/privacy}","received_events_url":"https://api.github.com/users/2raederdev/received_events","type":"User","site_admin":false,"name":"Daniel Hita","company":null,"blog":"","location":"Madrid, Spain","email":null,"hireable":null,"bio":null,"twitter_username":null,"public_repos":65,"public_gists":0,"followers":1,"following":1,"created_at":"2019-09-16T06:28:03Z","updated_at":"2021-03-14T13:56:51Z","private_gists":0,"total_private_repos":0,"owned_private_repos":0,"disk_usage":24705,"collaborators":0,"two_factor_authentication":false,"plan":{"name":"free","space":976562499,"collaborators":0,"private_repos":10000}}
[info] 
[info] ✔  Success! Logged into GitHub as 2raederdev 
[info] 
